[txon.in/index.html]
[pagead2.googlesyndication.com/pagead/js/f6793.txt]
[backblue.gif]
[fade.gif]
[index.html]
[txon.in/assets/img/TXON-LOG.png]
[txon.in/assets/vendor/aos/aos.css]
[txon.in/assets/vendor/bootstrap/css/bootstrap.min.css]
[txon.in/assets/vendor/bootstrap-icons/bootstrap-icons.css]
[txon.in/assets/vendor/boxicons/css/boxicons.min.css]
[txon.in/assets/vendor/glightbox/css/glightbox.min.css]
[txon.in/assets/vendor/remixicon/remixicon.css]
[txon.in/assets/vendor/swiper/swiper-bundle.min.css]
[txon.in/assets/css/style.css]
[txon.in/index-2.html]
[txon.in/assets/img/Group 8.png]
[txon.in/intern.html]
[txon.in/introduction_of_html.html]
[txon.in/assets/img/html-icon.png]
[txon.in/assets/img/Group 1 (5).png]
[txon.in/assets/img/skills.png]
[txon.in/assets/img/ui1.png]
[txon.in/assets/img/android (2).png]
[txon.in/assets/img/hero-img.png]
[txon.in/assets/img/videoed.png]
[txon.in/assets/vendor/aos/aos.js]
[txon.in/assets/vendor/bootstrap/js/bootstrap.bundle.min.js]
[txon.in/assets/vendor/glightbox/js/glightbox.min.js]
[txon.in/assets/vendor/isotope-layout/isotope.pkgd.min.js]
[txon.in/assets/vendor/swiper/swiper-bundle.min.js]
[txon.in/assets/vendor/waypoints/noframework.waypoints.js]
[txon.in/assets/vendor/php-email-form/validate.js]
[txon.in/assets/js/main.js]
[txon.in/index.html]
[txon.in/assets/vendor/aos/aos.css]
[txon.in/assets/vendor/bootstrap/css/bootstrap.min.css]
[txon.in/assets/vendor/bootstrap-icons/fonts/bootstrap-iconsd862.woff2]
[txon.in/assets/vendor/bootstrap-icons/fonts/bootstrap-iconsd862.woff]
[txon.in/assets/vendor/bootstrap-icons/bootstrap-icons.css]
[txon.in/assets/vendor/boxicons/fonts/boxicons.eot]
[txon.in/assets/vendor/boxicons/fonts/boxicons.woff2]
[txon.in/assets/vendor/boxicons/fonts/boxicons.woff]
[txon.in/assets/vendor/boxicons/fonts/boxicons.ttf]
[txon.in/assets/vendor/boxicons/css/boxicons.min.css]
[txon.in/assets/vendor/glightbox/css/glightbox.min.css]
[txon.in/assets/vendor/boxicons/fonts/boxiconsd41d.svg]
[txon.in/assets/vendor/remixicon/remixicondf6d.eot]
[txon.in/assets/vendor/remixicon/remixicondf6d.woff2]
[txon.in/assets/vendor/remixicon/remixicondf6d.woff]
[txon.in/assets/vendor/remixicon/remixicondf6d.ttf]
[txon.in/assets/vendor/remixicon/remixicon.css]
[txon.in/assets/vendor/swiper/swiper-bundle.min.css]
[txon.in/assets/vendor/remixicon/remixicondf6d.svg]
[txon.in/assets/img/clients/wave.png]
[txon.in/assets/css/style.css]
[txon.in/assets/img/map.png]
[txon.in/index-2.html]
[txon.in/intern.css]
[txon.in/assets/img/datae.png]
[txon.in/assets/img/ui2.png]
[txon.in/assets/img/paytmss.jpg]
[txon.in/assets/img/Boton-correcto.png]
[txon.in/intern.html]
[txon.in/html_series_css.css]
[txon.in/history_of_html.html]
[txon.in/html_text_editor.html]
[txon.in/html_comments.html]
[txon.in/html_basics_program.html]
[txon.in/html_attributes.html]
[txon.in/html_tags.html]
[txon.in/html_headings.html]
[txon.in/html_paragraph.html]
[txon.in/html_text_formating.html]
[txon.in/html_lists.html]
[txon.in/html_colors.html]
[txon.in/html_links.html]
[txon.in/html_images.html]
[txon.in/html_facicons.html]
[txon.in/html_forms.html]
[txon.in/html_responsive.html]
[txon.in/html_projects.html]
[txon.in/assets/img/htmlintro.png]
[cdn.jsdelivr.net/npm/@popperjs/core@2.9.2/dist/umd/popper.min.js]
[txon.in/introduction_of_html.html]
[txon.in/assets/vendor/aos/aos.js]
[txon.in/assets/vendor/bootstrap/js/bootstrap.bundle.min.js]
[txon.in/assets/vendor/glightbox/js/glightbox.min.js]
[txon.in/assets/vendor/isotope-layout/isotope.pkgd.min.js]
[cdn.jsdelivr.net/npm/bootstrap@5.0.2/dist/js/bootstrap.min.js]
[txon.in/dist/index.html]
[txon.in/${l}.46.delayed]
[txon.in/e]
[txon.in/t.params.url]
[txon.in/assets/vendor/swiper/swiper-bundle.min.js]
[txon.in/assets/vendor/waypoints/noframework.waypoints.js]
[txon.in/assets/vendor/php-email-form/validate.js]
[txon.in/assets/js/main.js]
[txon.in/app.js]
[txon.in/assets/vendor/boxicons/fonts/boxiconsd41d.svg]
[txon.in/assets/vendor/remixicon/remixicondf6d.svg]
[txon.in/img/team-shape.svg]
[txon.in/intern.css]
[txon.in/html_series_css.css]
[txon.in/assets/img/struce antony.png]
[txon.in/assets/img/htmlhistory.png]
[txon.in/history_of_html.html]
[txon.in/assets/img/TEXT EDITOR.png]
[txon.in/html_text_editor.html]
[txon.in/assets/img/htmlcomments.png]
[txon.in/html_comments.html]
[txon.in/code/commentcode.html]
[txon.in/assets/img/htmlbasic.png]
[txon.in/html_basics_program.html]
[txon.in/assets/img/htmlattribute.png]
[txon.in/code/attributecode.html]
[txon.in/html_attributes.html]
[txon.in/assets/img/htmltags.png]
[txon.in/html_tags.html]
[txon.in/assets/img/htmlheading.png]
[txon.in/code/headingcode.html]
[txon.in/html_headings.html]
[txon.in/code/paracode.html]
[txon.in/html_paragraph.html]
[txon.in/assets/img/htmlformating.png]
[txon.in/html_text_formating.html]
[txon.in/assets/img/htmllist.png]
[txon.in/html_lists.html]
[txon.in/assets/img/htmlcolor.png]
[txon.in/html_colors.html]
[txon.in/code/colorcode.html]
[txon.in/assets/img/htmllink.png]
[txon.in/html_links.html]
[txon.in/assets/img/htmlimages.png]
[txon.in/html_images.html]
[txon.in/assets/img/htmlfavicon.png]
[txon.in/html_facicons.html]
[txon.in/html_forms.html]
[txon.in/assets/img/htmlresponsive.png]
[txon.in/assets/img/viewport1.png]
[txon.in/assets/img/viewport2.png]
[txon.in/html_responsive.html]
[txon.in/assets/img/htmlreponsive1.png]
[txon.in/assets/img/html project.png]
[txon.in/code/FormProject.html]
[txon.in/code/Calculator.html]
[txon.in/code/UnitConverter.html]
[txon.in/code/tempconverter.html]
[txon.in/code/Portfolio.html]
[txon.in/html_projects.html]
[txon.in/dist/index.html]
[txon.in/${l}.html]
[txon.in/e.html]
[txon.in/t.params.html]
[txon.in/img/team-shape.html]
[txon.in/code/styles.css]
[txon.in/code/app.js]
[cdnjs.cloudflare.com/ajax/libs/split.js/1.0.0/split.min.js]
[txon.in/code/commentcode.html]
[txon.in/code/attributecode.html]
[txon.in/code/headingcode.html]
[txon.in/code/paracode.html]
[txon.in/code/colorcode.html]
[txon.in/code/FormProject.html]
[txon.in/code/Calculator.html]
[txon.in/code/UnitConverter.html]
[txon.in/code/tempconverter.html]
[txon.in/code/Portfolio.html]
[txon.in/code/styles.html]
[txon.in/code/app.html]
[cdn.jsdelivr.net/npm/bootstrap@5.0.2/dist/css/bootstrap.min.css]
[cdn.jsdelivr.net/npm/bootstrap@5.0.2/dist/css/bootstrap.min.css]
